<?xml version="1.0" encoding="UTF-8"?>
<!-- Generated by org.testng.reporters.JUnitXMLReporter -->
<testsuite hostname="LIN80016387" ignored="0" name="Login to APSRTC" tests="4" failures="0" timestamp="07 Feb 2019 17:05:56 GMT" time="49.9" errors="0">
  <testcase name="dologin" time="8.278" classname="myTestNGpack.TestNGtest4"/>
  <testcase name="dologin" time="7.695" classname="myTestNGpack.TestNGtest4"/>
  <testcase name="dologin" time="7.68" classname="myTestNGpack.TestNGtest4"/>
  <testcase name="dologin" time="7.847" classname="myTestNGpack.TestNGtest4"/>
</testsuite> <!-- Login to APSRTC -->
