<?xml version="1.0" encoding="UTF-8"?>
<!-- Generated by org.testng.reporters.JUnitXMLReporter -->
<testsuite hostname="LIN80016387" ignored="0" name="Test" tests="6" failures="0" timestamp="07 Feb 2019 16:16:20 GMT" time="6.594" errors="0">
  <testcase name="@BeforeMethod Launch" time="6.456" classname="myTestNGpack.TestNGtest4">
    <failure type="java.lang.NullPointerException">
      <![CDATA[java.lang.NullPointerException
at myTestNGpack.TestNGtest4.Launch(TestNGtest4.java:49)
... Removed 28 stack frames]]>
    </failure>
  </testcase> <!-- @BeforeMethod Launch -->
  <testcase name="@BeforeMethod Launch" time="0.0" classname="myTestNGpack.TestNGtest4">
    <skipped/>
  </testcase> <!-- @BeforeMethod Launch -->
  <testcase name="@BeforeMethod Launch" time="0.0" classname="myTestNGpack.TestNGtest4">
    <skipped/>
  </testcase> <!-- @BeforeMethod Launch -->
  <testcase name="@BeforeMethod Launch" time="0.0" classname="myTestNGpack.TestNGtest4">
    <skipped/>
  </testcase> <!-- @BeforeMethod Launch -->
  <testcase name="@BeforeMethod Launch" time="0.0" classname="myTestNGpack.TestNGtest4">
    <skipped/>
  </testcase> <!-- @BeforeMethod Launch -->
  <testcase name="@BeforeMethod Launch" time="0.0" classname="myTestNGpack.TestNGtest4">
    <skipped/>
  </testcase> <!-- @BeforeMethod Launch -->
  <testcase name="dologin" time="0.0" classname="myTestNGpack.TestNGtest4">
    <skipped/>
  </testcase> <!-- dologin -->
  <testcase name="dologin" time="0.0" classname="myTestNGpack.TestNGtest4">
    <skipped/>
  </testcase> <!-- dologin -->
  <testcase name="dologin" time="0.0" classname="myTestNGpack.TestNGtest4">
    <skipped/>
  </testcase> <!-- dologin -->
  <testcase name="dologin" time="0.0" classname="myTestNGpack.TestNGtest4">
    <skipped/>
  </testcase> <!-- dologin -->
  <testcase name="dologin" time="0.0" classname="myTestNGpack.TestNGtest4">
    <skipped/>
  </testcase> <!-- dologin -->
  <testcase name="logout" time="0.0" classname="myTestNGpack.TestNGtest4">
    <skipped/>
  </testcase> <!-- logout -->
</testsuite> <!-- Test -->
