<?xml version="1.0" encoding="UTF-8"?>
<!-- Generated by org.testng.reporters.JUnitXMLReporter -->
<testsuite hostname="LIN80016387" ignored="0" name="Test2" tests="3" failures="0" timestamp="25 Feb 2019 06:51:28 GMT" time="8.088" errors="0">
  <testcase name="Launch" time="5.637" classname="myTestNGpack.TestNGTest2"/>
  <testcase name="validate" time="0.04" classname="myTestNGpack.TestNGTest2"/>
  <testcase name="closesite" time="2.384" classname="myTestNGpack.TestNGTest2"/>
</testsuite> <!-- Test2 -->
