<?xml version="1.0" encoding="UTF-8"?>
<testng-results skipped="0" failed="0" ignored="0" total="1" passed="1">
  <reporter-output>
  </reporter-output>
  <suite name="Suite" duration-ms="15456" started-at="2019-02-25T07:20:56Z" finished-at="2019-02-25T07:21:11Z">
    <groups>
    </groups>
    <test name="Test1" duration-ms="15456" started-at="2019-02-25T07:20:56Z" finished-at="2019-02-25T07:21:11Z">
      <class name="myTestNGpack.TestNGTest1">
        <test-method status="PASS" signature="Launch()[pri:0, instance:myTestNGpack.TestNGTest1@2a5ca609]" name="Launch" duration-ms="15425" started-at="2019-02-25T07:20:56Z" finished-at="2019-02-25T07:21:11Z">
          <reporter-output>
          </reporter-output>
        </test-method> <!-- Launch -->
      </class> <!-- myTestNGpack.TestNGTest1 -->
    </test> <!-- Test1 -->
  </suite> <!-- Suite -->
</testng-results>
