<?xml version="1.0" encoding="UTF-8"?>
<testng-results skipped="0" failed="0" ignored="0" total="1" passed="1">
  <reporter-output>
  </reporter-output>
  <suite name="Default suite" duration-ms="6136" started-at="2019-02-09T09:40:29Z" finished-at="2019-02-09T09:40:35Z">
    <groups>
    </groups>
    <test name="Default test" duration-ms="6136" started-at="2019-02-09T09:40:29Z" finished-at="2019-02-09T09:40:35Z">
      <class name="myTestNGpack.TestNGTest1">
        <test-method status="PASS" signature="Launch()[pri:0, instance:myTestNGpack.TestNGTest1@7c16905e]" name="Launch" duration-ms="6112" started-at="2019-02-09T09:40:29Z" finished-at="2019-02-09T09:40:35Z">
          <reporter-output>
          </reporter-output>
        </test-method> <!-- Launch -->
      </class> <!-- myTestNGpack.TestNGTest1 -->
    </test> <!-- Default test -->
  </suite> <!-- Default suite -->
</testng-results>
